{"numFailedTestSuites":4,"numFailedTests":17,"numPassedTestSuites":4,"numPassedTests":14,"numPendingTestSuites":0,"numPendingTests":0,"numRuntimeErrorTestSuites":0,"numTodoTests":0,"numTotalTestSuites":8,"numTotalTests":31,"openHandles":[],"snapshot":{"added":0,"didUpdate":false,"failure":false,"filesAdded":0,"filesRemoved":0,"filesRemovedList":[],"filesUnmatched":0,"filesUpdated":0,"matched":0,"total":0,"unchecked":0,"uncheckedKeysByFile":[],"unmatched":0,"updated":0},"startTime":1753033858145,"success":false,"testResults":[{"assertionResults":[{"ancestorTitles":["CartContext"],"duration":61,"failureDetails":[{}],"failureMessages":["TypeError: getTotalItems is not a function\n    at getTotalItems (/home/jessica/Documentos/O-SUSHI-FRON-END/src/context/CartContext.test.tsx:11:39)\n    at Object.react-stack-bottom-frame (/home/jessica/Documentos/O-SUSHI-FRON-END/node_modules/react-dom/cjs/react-dom-client.development.js:23863:20)\n    at renderWithHooks (/home/jessica/Documentos/O-SUSHI-FRON-END/node_modules/react-dom/cjs/react-dom-client.development.js:5529:22)\n    at updateFunctionComponent (/home/jessica/Documentos/O-SUSHI-FRON-END/node_modules/react-dom/cjs/react-dom-client.development.js:8897:19)\n    at beginWork (/home/jessica/Documentos/O-SUSHI-FRON-END/node_modules/react-dom/cjs/react-dom-client.development.js:10522:18)\n    at runWithFiberInDEV (/home/jessica/Documentos/O-SUSHI-FRON-END/node_modules/react-dom/cjs/react-dom-client.development.js:1522:13)\n    at performUnitOfWork (/home/jessica/Documentos/O-SUSHI-FRON-END/node_modules/react-dom/cjs/react-dom-client.development.js:15140:22)\n    at workLoopSync (/home/jessica/Documentos/O-SUSHI-FRON-END/node_modules/react-dom/cjs/react-dom-client.development.js:14956:41)\n    at renderRootSync (/home/jessica/Documentos/O-SUSHI-FRON-END/node_modules/react-dom/cjs/react-dom-client.development.js:14936:11)\n    at performWorkOnRoot (/home/jessica/Documentos/O-SUSHI-FRON-END/node_modules/react-dom/cjs/react-dom-client.development.js:14462:44)\n    at performWorkOnRootViaSchedulerTask (/home/jessica/Documentos/O-SUSHI-FRON-END/node_modules/react-dom/cjs/react-dom-client.development.js:16216:7)\n    at flushActQueue (/home/jessica/Documentos/O-SUSHI-FRON-END/node_modules/react/cjs/react.development.js:566:34)\n    at Object.<anonymous>.process.env.NODE_ENV.exports.act (/home/jessica/Documentos/O-SUSHI-FRON-END/node_modules/react/cjs/react.development.js:859:10)\n    at /home/jessica/Documentos/O-SUSHI-FRON-END/node_modules/@testing-library/react/dist/act-compat.js:47:25\n    at renderRoot (/home/jessica/Documentos/O-SUSHI-FRON-END/node_modules/@testing-library/react/dist/pure.js:190:26)\n    at render (/home/jessica/Documentos/O-SUSHI-FRON-END/node_modules/@testing-library/react/dist/pure.js:292:10)\n    at Object.<anonymous> (/home/jessica/Documentos/O-SUSHI-FRON-END/src/context/CartContext.test.tsx:54:11)\n    at Promise.then.completed (/home/jessica/Documentos/O-SUSHI-FRON-END/node_modules/jest-circus/build/utils.js:298:28)\n    at new Promise (<anonymous>)\n    at callAsyncCircusFn (/home/jessica/Documentos/O-SUSHI-FRON-END/node_modules/jest-circus/build/utils.js:231:10)\n    at _callCircusTest (/home/jessica/Documentos/O-SUSHI-FRON-END/node_modules/jest-circus/build/run.js:316:40)\n    at processTicksAndRejections (node:internal/process/task_queues:95:5)\n    at _runTest (/home/jessica/Documentos/O-SUSHI-FRON-END/node_modules/jest-circus/build/run.js:252:3)\n    at _runTestsForDescribeBlock (/home/jessica/Documentos/O-SUSHI-FRON-END/node_modules/jest-circus/build/run.js:126:9)\n    at _runTestsForDescribeBlock (/home/jessica/Documentos/O-SUSHI-FRON-END/node_modules/jest-circus/build/run.js:121:9)\n    at run (/home/jessica/Documentos/O-SUSHI-FRON-END/node_modules/jest-circus/build/run.js:71:3)\n    at runAndTransformResultsToJestFormat (/home/jessica/Documentos/O-SUSHI-FRON-END/node_modules/jest-circus/build/legacy-code-todo-rewrite/jestAdapterInit.js:122:21)\n    at jestAdapter (/home/jessica/Documentos/O-SUSHI-FRON-END/node_modules/jest-circus/build/legacy-code-todo-rewrite/jestAdapter.js:79:19)\n    at runTestInternal (/home/jessica/Documentos/O-SUSHI-FRON-END/node_modules/jest-runner/build/runTest.js:367:16)\n    at runTest (/home/jessica/Documentos/O-SUSHI-FRON-END/node_modules/jest-runner/build/runTest.js:444:34)\n    at Object.worker (/home/jessica/Documentos/O-SUSHI-FRON-END/node_modules/jest-runner/build/testWorker.js:106:12)"],"fullName":"CartContext inicializa com carrinho vazio","invocations":1,"location":null,"numPassingAsserts":0,"retryReasons":[],"status":"failed","title":"inicializa com carrinho vazio"},{"ancestorTitles":["CartContext"],"duration":6,"failureDetails":[{}],"failureMessages":["TypeError: getTotalItems is not a function\n    at getTotalItems (/home/jessica/Documentos/O-SUSHI-FRON-END/src/context/CartContext.test.tsx:11:39)\n    at Object.react-stack-bottom-frame (/home/jessica/Documentos/O-SUSHI-FRON-END/node_modules/react-dom/cjs/react-dom-client.development.js:23863:20)\n    at renderWithHooks (/home/jessica/Documentos/O-SUSHI-FRON-END/node_modules/react-dom/cjs/react-dom-client.development.js:5529:22)\n    at updateFunctionComponent (/home/jessica/Documentos/O-SUSHI-FRON-END/node_modules/react-dom/cjs/react-dom-client.development.js:8897:19)\n    at beginWork (/home/jessica/Documentos/O-SUSHI-FRON-END/node_modules/react-dom/cjs/react-dom-client.development.js:10522:18)\n    at runWithFiberInDEV (/home/jessica/Documentos/O-SUSHI-FRON-END/node_modules/react-dom/cjs/react-dom-client.development.js:1522:13)\n    at performUnitOfWork (/home/jessica/Documentos/O-SUSHI-FRON-END/node_modules/react-dom/cjs/react-dom-client.development.js:15140:22)\n    at workLoopSync (/home/jessica/Documentos/O-SUSHI-FRON-END/node_modules/react-dom/cjs/react-dom-client.development.js:14956:41)\n    at renderRootSync (/home/jessica/Documentos/O-SUSHI-FRON-END/node_modules/react-dom/cjs/react-dom-client.development.js:14936:11)\n    at performWorkOnRoot (/home/jessica/Documentos/O-SUSHI-FRON-END/node_modules/react-dom/cjs/react-dom-client.development.js:14462:44)\n    at performWorkOnRootViaSchedulerTask (/home/jessica/Documentos/O-SUSHI-FRON-END/node_modules/react-dom/cjs/react-dom-client.development.js:16216:7)\n    at flushActQueue (/home/jessica/Documentos/O-SUSHI-FRON-END/node_modules/react/cjs/react.development.js:566:34)\n    at Object.<anonymous>.process.env.NODE_ENV.exports.act (/home/jessica/Documentos/O-SUSHI-FRON-END/node_modules/react/cjs/react.development.js:859:10)\n    at /home/jessica/Documentos/O-SUSHI-FRON-END/node_modules/@testing-library/react/dist/act-compat.js:47:25\n    at renderRoot (/home/jessica/Documentos/O-SUSHI-FRON-END/node_modules/@testing-library/react/dist/pure.js:190:26)\n    at render (/home/jessica/Documentos/O-SUSHI-FRON-END/node_modules/@testing-library/react/dist/pure.js:292:10)\n    at Object.<anonymous> (/home/jessica/Documentos/O-SUSHI-FRON-END/src/context/CartContext.test.tsx:66:11)\n    at Promise.then.completed (/home/jessica/Documentos/O-SUSHI-FRON-END/node_modules/jest-circus/build/utils.js:298:28)\n    at new Promise (<anonymous>)\n    at callAsyncCircusFn (/home/jessica/Documentos/O-SUSHI-FRON-END/node_modules/jest-circus/build/utils.js:231:10)\n    at _callCircusTest (/home/jessica/Documentos/O-SUSHI-FRON-END/node_modules/jest-circus/build/run.js:316:40)\n    at processTicksAndRejections (node:internal/process/task_queues:95:5)\n    at _runTest (/home/jessica/Documentos/O-SUSHI-FRON-END/node_modules/jest-circus/build/run.js:252:3)\n    at _runTestsForDescribeBlock (/home/jessica/Documentos/O-SUSHI-FRON-END/node_modules/jest-circus/build/run.js:126:9)\n    at _runTestsForDescribeBlock (/home/jessica/Documentos/O-SUSHI-FRON-END/node_modules/jest-circus/build/run.js:121:9)\n    at run (/home/jessica/Documentos/O-SUSHI-FRON-END/node_modules/jest-circus/build/run.js:71:3)\n    at runAndTransformResultsToJestFormat (/home/jessica/Documentos/O-SUSHI-FRON-END/node_modules/jest-circus/build/legacy-code-todo-rewrite/jestAdapterInit.js:122:21)\n    at jestAdapter (/home/jessica/Documentos/O-SUSHI-FRON-END/node_modules/jest-circus/build/legacy-code-todo-rewrite/jestAdapter.js:79:19)\n    at runTestInternal (/home/jessica/Documentos/O-SUSHI-FRON-END/node_modules/jest-runner/build/runTest.js:367:16)\n    at runTest (/home/jessica/Documentos/O-SUSHI-FRON-END/node_modules/jest-runner/build/runTest.js:444:34)\n    at Object.worker (/home/jessica/Documentos/O-SUSHI-FRON-END/node_modules/jest-runner/build/testWorker.js:106:12)"],"fullName":"CartContext adiciona produto ao carrinho","invocations":1,"location":null,"numPassingAsserts":0,"retryReasons":[],"status":"failed","title":"adiciona produto ao carrinho"},{"ancestorTitles":["CartContext"],"duration":4,"failureDetails":[{}],"failureMessages":["TypeError: getTotalItems is not a function\n    at getTotalItems (/home/jessica/Documentos/O-SUSHI-FRON-END/src/context/CartContext.test.tsx:11:39)\n    at Object.react-stack-bottom-frame (/home/jessica/Documentos/O-SUSHI-FRON-END/node_modules/react-dom/cjs/react-dom-client.development.js:23863:20)\n    at renderWithHooks (/home/jessica/Documentos/O-SUSHI-FRON-END/node_modules/react-dom/cjs/react-dom-client.development.js:5529:22)\n    at updateFunctionComponent (/home/jessica/Documentos/O-SUSHI-FRON-END/node_modules/react-dom/cjs/react-dom-client.development.js:8897:19)\n    at beginWork (/home/jessica/Documentos/O-SUSHI-FRON-END/node_modules/react-dom/cjs/react-dom-client.development.js:10522:18)\n    at runWithFiberInDEV (/home/jessica/Documentos/O-SUSHI-FRON-END/node_modules/react-dom/cjs/react-dom-client.development.js:1522:13)\n    at performUnitOfWork (/home/jessica/Documentos/O-SUSHI-FRON-END/node_modules/react-dom/cjs/react-dom-client.development.js:15140:22)\n    at workLoopSync (/home/jessica/Documentos/O-SUSHI-FRON-END/node_modules/react-dom/cjs/react-dom-client.development.js:14956:41)\n    at renderRootSync (/home/jessica/Documentos/O-SUSHI-FRON-END/node_modules/react-dom/cjs/react-dom-client.development.js:14936:11)\n    at performWorkOnRoot (/home/jessica/Documentos/O-SUSHI-FRON-END/node_modules/react-dom/cjs/react-dom-client.development.js:14462:44)\n    at performWorkOnRootViaSchedulerTask (/home/jessica/Documentos/O-SUSHI-FRON-END/node_modules/react-dom/cjs/react-dom-client.development.js:16216:7)\n    at flushActQueue (/home/jessica/Documentos/O-SUSHI-FRON-END/node_modules/react/cjs/react.development.js:566:34)\n    at Object.<anonymous>.process.env.NODE_ENV.exports.act (/home/jessica/Documentos/O-SUSHI-FRON-END/node_modules/react/cjs/react.development.js:859:10)\n    at /home/jessica/Documentos/O-SUSHI-FRON-END/node_modules/@testing-library/react/dist/act-compat.js:47:25\n    at renderRoot (/home/jessica/Documentos/O-SUSHI-FRON-END/node_modules/@testing-library/react/dist/pure.js:190:26)\n    at render (/home/jessica/Documentos/O-SUSHI-FRON-END/node_modules/@testing-library/react/dist/pure.js:292:10)\n    at Object.<anonymous> (/home/jessica/Documentos/O-SUSHI-FRON-END/src/context/CartContext.test.tsx:82:11)\n    at Promise.then.completed (/home/jessica/Documentos/O-SUSHI-FRON-END/node_modules/jest-circus/build/utils.js:298:28)\n    at new Promise (<anonymous>)\n    at callAsyncCircusFn (/home/jessica/Documentos/O-SUSHI-FRON-END/node_modules/jest-circus/build/utils.js:231:10)\n    at _callCircusTest (/home/jessica/Documentos/O-SUSHI-FRON-END/node_modules/jest-circus/build/run.js:316:40)\n    at processTicksAndRejections (node:internal/process/task_queues:95:5)\n    at _runTest (/home/jessica/Documentos/O-SUSHI-FRON-END/node_modules/jest-circus/build/run.js:252:3)\n    at _runTestsForDescribeBlock (/home/jessica/Documentos/O-SUSHI-FRON-END/node_modules/jest-circus/build/run.js:126:9)\n    at _runTestsForDescribeBlock (/home/jessica/Documentos/O-SUSHI-FRON-END/node_modules/jest-circus/build/run.js:121:9)\n    at run (/home/jessica/Documentos/O-SUSHI-FRON-END/node_modules/jest-circus/build/run.js:71:3)\n    at runAndTransformResultsToJestFormat (/home/jessica/Documentos/O-SUSHI-FRON-END/node_modules/jest-circus/build/legacy-code-todo-rewrite/jestAdapterInit.js:122:21)\n    at jestAdapter (/home/jessica/Documentos/O-SUSHI-FRON-END/node_modules/jest-circus/build/legacy-code-todo-rewrite/jestAdapter.js:79:19)\n    at runTestInternal (/home/jessica/Documentos/O-SUSHI-FRON-END/node_modules/jest-runner/build/runTest.js:367:16)\n    at runTest (/home/jessica/Documentos/O-SUSHI-FRON-END/node_modules/jest-runner/build/runTest.js:444:34)\n    at Object.worker (/home/jessica/Documentos/O-SUSHI-FRON-END/node_modules/jest-runner/build/testWorker.js:106:12)"],"fullName":"CartContext aumenta quantidade quando produto já existe no carrinho","invocations":1,"location":null,"numPassingAsserts":0,"retryReasons":[],"status":"failed","title":"aumenta quantidade quando produto já existe no carrinho"},{"ancestorTitles":["CartContext"],"duration":3,"failureDetails":[{}],"failureMessages":["TypeError: getTotalItems is not a function\n    at getTotalItems (/home/jessica/Documentos/O-SUSHI-FRON-END/src/context/CartContext.test.tsx:11:39)\n    at Object.react-stack-bottom-frame (/home/jessica/Documentos/O-SUSHI-FRON-END/node_modules/react-dom/cjs/react-dom-client.development.js:23863:20)\n    at renderWithHooks (/home/jessica/Documentos/O-SUSHI-FRON-END/node_modules/react-dom/cjs/react-dom-client.development.js:5529:22)\n    at updateFunctionComponent (/home/jessica/Documentos/O-SUSHI-FRON-END/node_modules/react-dom/cjs/react-dom-client.development.js:8897:19)\n    at beginWork (/home/jessica/Documentos/O-SUSHI-FRON-END/node_modules/react-dom/cjs/react-dom-client.development.js:10522:18)\n    at runWithFiberInDEV (/home/jessica/Documentos/O-SUSHI-FRON-END/node_modules/react-dom/cjs/react-dom-client.development.js:1522:13)\n    at performUnitOfWork (/home/jessica/Documentos/O-SUSHI-FRON-END/node_modules/react-dom/cjs/react-dom-client.development.js:15140:22)\n    at workLoopSync (/home/jessica/Documentos/O-SUSHI-FRON-END/node_modules/react-dom/cjs/react-dom-client.development.js:14956:41)\n    at renderRootSync (/home/jessica/Documentos/O-SUSHI-FRON-END/node_modules/react-dom/cjs/react-dom-client.development.js:14936:11)\n    at performWorkOnRoot (/home/jessica/Documentos/O-SUSHI-FRON-END/node_modules/react-dom/cjs/react-dom-client.development.js:14462:44)\n    at performWorkOnRootViaSchedulerTask (/home/jessica/Documentos/O-SUSHI-FRON-END/node_modules/react-dom/cjs/react-dom-client.development.js:16216:7)\n    at flushActQueue (/home/jessica/Documentos/O-SUSHI-FRON-END/node_modules/react/cjs/react.development.js:566:34)\n    at Object.<anonymous>.process.env.NODE_ENV.exports.act (/home/jessica/Documentos/O-SUSHI-FRON-END/node_modules/react/cjs/react.development.js:859:10)\n    at /home/jessica/Documentos/O-SUSHI-FRON-END/node_modules/@testing-library/react/dist/act-compat.js:47:25\n    at renderRoot (/home/jessica/Documentos/O-SUSHI-FRON-END/node_modules/@testing-library/react/dist/pure.js:190:26)\n    at render (/home/jessica/Documentos/O-SUSHI-FRON-END/node_modules/@testing-library/react/dist/pure.js:292:10)\n    at Object.<anonymous> (/home/jessica/Documentos/O-SUSHI-FRON-END/src/context/CartContext.test.tsx:100:11)\n    at Promise.then.completed (/home/jessica/Documentos/O-SUSHI-FRON-END/node_modules/jest-circus/build/utils.js:298:28)\n    at new Promise (<anonymous>)\n    at callAsyncCircusFn (/home/jessica/Documentos/O-SUSHI-FRON-END/node_modules/jest-circus/build/utils.js:231:10)\n    at _callCircusTest (/home/jessica/Documentos/O-SUSHI-FRON-END/node_modules/jest-circus/build/run.js:316:40)\n    at processTicksAndRejections (node:internal/process/task_queues:95:5)\n    at _runTest (/home/jessica/Documentos/O-SUSHI-FRON-END/node_modules/jest-circus/build/run.js:252:3)\n    at _runTestsForDescribeBlock (/home/jessica/Documentos/O-SUSHI-FRON-END/node_modules/jest-circus/build/run.js:126:9)\n    at _runTestsForDescribeBlock (/home/jessica/Documentos/O-SUSHI-FRON-END/node_modules/jest-circus/build/run.js:121:9)\n    at run (/home/jessica/Documentos/O-SUSHI-FRON-END/node_modules/jest-circus/build/run.js:71:3)\n    at runAndTransformResultsToJestFormat (/home/jessica/Documentos/O-SUSHI-FRON-END/node_modules/jest-circus/build/legacy-code-todo-rewrite/jestAdapterInit.js:122:21)\n    at jestAdapter (/home/jessica/Documentos/O-SUSHI-FRON-END/node_modules/jest-circus/build/legacy-code-todo-rewrite/jestAdapter.js:79:19)\n    at runTestInternal (/home/jessica/Documentos/O-SUSHI-FRON-END/node_modules/jest-runner/build/runTest.js:367:16)\n    at runTest (/home/jessica/Documentos/O-SUSHI-FRON-END/node_modules/jest-runner/build/runTest.js:444:34)\n    at Object.worker (/home/jessica/Documentos/O-SUSHI-FRON-END/node_modules/jest-runner/build/testWorker.js:106:12)"],"fullName":"CartContext remove produto do carrinho","invocations":1,"location":null,"numPassingAsserts":0,"retryReasons":[],"status":"failed","title":"remove produto do carrinho"},{"ancestorTitles":["CartContext"],"duration":5,"failureDetails":[{}],"failureMessages":["TypeError: getTotalItems is not a function\n    at getTotalItems (/home/jessica/Documentos/O-SUSHI-FRON-END/src/context/CartContext.test.tsx:11:39)\n    at Object.react-stack-bottom-frame (/home/jessica/Documentos/O-SUSHI-FRON-END/node_modules/react-dom/cjs/react-dom-client.development.js:23863:20)\n    at renderWithHooks (/home/jessica/Documentos/O-SUSHI-FRON-END/node_modules/react-dom/cjs/react-dom-client.development.js:5529:22)\n    at updateFunctionComponent (/home/jessica/Documentos/O-SUSHI-FRON-END/node_modules/react-dom/cjs/react-dom-client.development.js:8897:19)\n    at beginWork (/home/jessica/Documentos/O-SUSHI-FRON-END/node_modules/react-dom/cjs/react-dom-client.development.js:10522:18)\n    at runWithFiberInDEV (/home/jessica/Documentos/O-SUSHI-FRON-END/node_modules/react-dom/cjs/react-dom-client.development.js:1522:13)\n    at performUnitOfWork (/home/jessica/Documentos/O-SUSHI-FRON-END/node_modules/react-dom/cjs/react-dom-client.development.js:15140:22)\n    at workLoopSync (/home/jessica/Documentos/O-SUSHI-FRON-END/node_modules/react-dom/cjs/react-dom-client.development.js:14956:41)\n    at renderRootSync (/home/jessica/Documentos/O-SUSHI-FRON-END/node_modules/react-dom/cjs/react-dom-client.development.js:14936:11)\n    at performWorkOnRoot (/home/jessica/Documentos/O-SUSHI-FRON-END/node_modules/react-dom/cjs/react-dom-client.development.js:14462:44)\n    at performWorkOnRootViaSchedulerTask (/home/jessica/Documentos/O-SUSHI-FRON-END/node_modules/react-dom/cjs/react-dom-client.development.js:16216:7)\n    at flushActQueue (/home/jessica/Documentos/O-SUSHI-FRON-END/node_modules/react/cjs/react.development.js:566:34)\n    at Object.<anonymous>.process.env.NODE_ENV.exports.act (/home/jessica/Documentos/O-SUSHI-FRON-END/node_modules/react/cjs/react.development.js:859:10)\n    at /home/jessica/Documentos/O-SUSHI-FRON-END/node_modules/@testing-library/react/dist/act-compat.js:47:25\n    at renderRoot (/home/jessica/Documentos/O-SUSHI-FRON-END/node_modules/@testing-library/react/dist/pure.js:190:26)\n    at render (/home/jessica/Documentos/O-SUSHI-FRON-END/node_modules/@testing-library/react/dist/pure.js:292:10)\n    at Object.<anonymous> (/home/jessica/Documentos/O-SUSHI-FRON-END/src/context/CartContext.test.tsx:124:11)\n    at Promise.then.completed (/home/jessica/Documentos/O-SUSHI-FRON-END/node_modules/jest-circus/build/utils.js:298:28)\n    at new Promise (<anonymous>)\n    at callAsyncCircusFn (/home/jessica/Documentos/O-SUSHI-FRON-END/node_modules/jest-circus/build/utils.js:231:10)\n    at _callCircusTest (/home/jessica/Documentos/O-SUSHI-FRON-END/node_modules/jest-circus/build/run.js:316:40)\n    at processTicksAndRejections (node:internal/process/task_queues:95:5)\n    at _runTest (/home/jessica/Documentos/O-SUSHI-FRON-END/node_modules/jest-circus/build/run.js:252:3)\n    at _runTestsForDescribeBlock (/home/jessica/Documentos/O-SUSHI-FRON-END/node_modules/jest-circus/build/run.js:126:9)\n    at _runTestsForDescribeBlock (/home/jessica/Documentos/O-SUSHI-FRON-END/node_modules/jest-circus/build/run.js:121:9)\n    at run (/home/jessica/Documentos/O-SUSHI-FRON-END/node_modules/jest-circus/build/run.js:71:3)\n    at runAndTransformResultsToJestFormat (/home/jessica/Documentos/O-SUSHI-FRON-END/node_modules/jest-circus/build/legacy-code-todo-rewrite/jestAdapterInit.js:122:21)\n    at jestAdapter (/home/jessica/Documentos/O-SUSHI-FRON-END/node_modules/jest-circus/build/legacy-code-todo-rewrite/jestAdapter.js:79:19)\n    at runTestInternal (/home/jessica/Documentos/O-SUSHI-FRON-END/node_modules/jest-runner/build/runTest.js:367:16)\n    at runTest (/home/jessica/Documentos/O-SUSHI-FRON-END/node_modules/jest-runner/build/runTest.js:444:34)\n    at Object.worker (/home/jessica/Documentos/O-SUSHI-FRON-END/node_modules/jest-runner/build/testWorker.js:106:12)"],"fullName":"CartContext atualiza quantidade do produto","invocations":1,"location":null,"numPassingAsserts":0,"retryReasons":[],"status":"failed","title":"atualiza quantidade do produto"},{"ancestorTitles":["CartContext"],"duration":4,"failureDetails":[{}],"failureMessages":["TypeError: getTotalItems is not a function\n    at getTotalItems (/home/jessica/Documentos/O-SUSHI-FRON-END/src/context/CartContext.test.tsx:11:39)\n    at Object.react-stack-bottom-frame (/home/jessica/Documentos/O-SUSHI-FRON-END/node_modules/react-dom/cjs/react-dom-client.development.js:23863:20)\n    at renderWithHooks (/home/jessica/Documentos/O-SUSHI-FRON-END/node_modules/react-dom/cjs/react-dom-client.development.js:5529:22)\n    at updateFunctionComponent (/home/jessica/Documentos/O-SUSHI-FRON-END/node_modules/react-dom/cjs/react-dom-client.development.js:8897:19)\n    at beginWork (/home/jessica/Documentos/O-SUSHI-FRON-END/node_modules/react-dom/cjs/react-dom-client.development.js:10522:18)\n    at runWithFiberInDEV (/home/jessica/Documentos/O-SUSHI-FRON-END/node_modules/react-dom/cjs/react-dom-client.development.js:1522:13)\n    at performUnitOfWork (/home/jessica/Documentos/O-SUSHI-FRON-END/node_modules/react-dom/cjs/react-dom-client.development.js:15140:22)\n    at workLoopSync (/home/jessica/Documentos/O-SUSHI-FRON-END/node_modules/react-dom/cjs/react-dom-client.development.js:14956:41)\n    at renderRootSync (/home/jessica/Documentos/O-SUSHI-FRON-END/node_modules/react-dom/cjs/react-dom-client.development.js:14936:11)\n    at performWorkOnRoot (/home/jessica/Documentos/O-SUSHI-FRON-END/node_modules/react-dom/cjs/react-dom-client.development.js:14462:44)\n    at performWorkOnRootViaSchedulerTask (/home/jessica/Documentos/O-SUSHI-FRON-END/node_modules/react-dom/cjs/react-dom-client.development.js:16216:7)\n    at flushActQueue (/home/jessica/Documentos/O-SUSHI-FRON-END/node_modules/react/cjs/react.development.js:566:34)\n    at Object.<anonymous>.process.env.NODE_ENV.exports.act (/home/jessica/Documentos/O-SUSHI-FRON-END/node_modules/react/cjs/react.development.js:859:10)\n    at /home/jessica/Documentos/O-SUSHI-FRON-END/node_modules/@testing-library/react/dist/act-compat.js:47:25\n    at renderRoot (/home/jessica/Documentos/O-SUSHI-FRON-END/node_modules/@testing-library/react/dist/pure.js:190:26)\n    at render (/home/jessica/Documentos/O-SUSHI-FRON-END/node_modules/@testing-library/react/dist/pure.js:292:10)\n    at Object.<anonymous> (/home/jessica/Documentos/O-SUSHI-FRON-END/src/context/CartContext.test.tsx:145:11)\n    at Promise.then.completed (/home/jessica/Documentos/O-SUSHI-FRON-END/node_modules/jest-circus/build/utils.js:298:28)\n    at new Promise (<anonymous>)\n    at callAsyncCircusFn (/home/jessica/Documentos/O-SUSHI-FRON-END/node_modules/jest-circus/build/utils.js:231:10)\n    at _callCircusTest (/home/jessica/Documentos/O-SUSHI-FRON-END/node_modules/jest-circus/build/run.js:316:40)\n    at processTicksAndRejections (node:internal/process/task_queues:95:5)\n    at _runTest (/home/jessica/Documentos/O-SUSHI-FRON-END/node_modules/jest-circus/build/run.js:252:3)\n    at _runTestsForDescribeBlock (/home/jessica/Documentos/O-SUSHI-FRON-END/node_modules/jest-circus/build/run.js:126:9)\n    at _runTestsForDescribeBlock (/home/jessica/Documentos/O-SUSHI-FRON-END/node_modules/jest-circus/build/run.js:121:9)\n    at run (/home/jessica/Documentos/O-SUSHI-FRON-END/node_modules/jest-circus/build/run.js:71:3)\n    at runAndTransformResultsToJestFormat (/home/jessica/Documentos/O-SUSHI-FRON-END/node_modules/jest-circus/build/legacy-code-todo-rewrite/jestAdapterInit.js:122:21)\n    at jestAdapter (/home/jessica/Documentos/O-SUSHI-FRON-END/node_modules/jest-circus/build/legacy-code-todo-rewrite/jestAdapter.js:79:19)\n    at runTestInternal (/home/jessica/Documentos/O-SUSHI-FRON-END/node_modules/jest-runner/build/runTest.js:367:16)\n    at runTest (/home/jessica/Documentos/O-SUSHI-FRON-END/node_modules/jest-runner/build/runTest.js:444:34)\n    at Object.worker (/home/jessica/Documentos/O-SUSHI-FRON-END/node_modules/jest-runner/build/testWorker.js:106:12)"],"fullName":"CartContext remove produto quando quantidade é zero","invocations":1,"location":null,"numPassingAsserts":0,"retryReasons":[],"status":"failed","title":"remove produto quando quantidade é zero"}],"endTime":1753033860629,"message":"  ● CartContext › inicializa com carrinho vazio\n\n    TypeError: getTotalItems is not a function\n\n  ● CartContext › adiciona produto ao carrinho\n\n    TypeError: getTotalItems is not a function\n\n  ● CartContext › aumenta quantidade quando produto já existe no carrinho\n\n    TypeError: getTotalItems is not a function\n\n  ● CartContext › remove produto do carrinho\n\n    TypeError: getTotalItems is not a function\n\n  ● CartContext › atualiza quantidade do produto\n\n    TypeError: getTotalItems is not a function\n\n  ● CartContext › remove produto quando quantidade é zero\n\n    TypeError: getTotalItems is not a function\n","name":"/home/jessica/Documentos/O-SUSHI-FRON-END/src/context/CartContext.test.tsx","startTime":1753033859506,"status":"failed","summary":""},{"assertionResults":[{"ancestorTitles":["ProductCard"],"duration":56,"failureDetails":[{}],"failureMessages":["TypeError: Cannot read properties of undefined (reading 'imagem')\n    at imagem (/home/jessica/Documentos/O-SUSHI-FRON-END/src/components/ProductCard.js:17:22)\n    at Object.react-stack-bottom-frame (/home/jessica/Documentos/O-SUSHI-FRON-END/node_modules/react-dom/cjs/react-dom-client.development.js:23863:20)\n    at renderWithHooks (/home/jessica/Documentos/O-SUSHI-FRON-END/node_modules/react-dom/cjs/react-dom-client.development.js:5529:22)\n    at updateFunctionComponent (/home/jessica/Documentos/O-SUSHI-FRON-END/node_modules/react-dom/cjs/react-dom-client.development.js:8897:19)\n    at beginWork (/home/jessica/Documentos/O-SUSHI-FRON-END/node_modules/react-dom/cjs/react-dom-client.development.js:10522:18)\n    at runWithFiberInDEV (/home/jessica/Documentos/O-SUSHI-FRON-END/node_modules/react-dom/cjs/react-dom-client.development.js:1522:13)\n    at performUnitOfWork (/home/jessica/Documentos/O-SUSHI-FRON-END/node_modules/react-dom/cjs/react-dom-client.development.js:15140:22)\n    at workLoopSync (/home/jessica/Documentos/O-SUSHI-FRON-END/node_modules/react-dom/cjs/react-dom-client.development.js:14956:41)\n    at renderRootSync (/home/jessica/Documentos/O-SUSHI-FRON-END/node_modules/react-dom/cjs/react-dom-client.development.js:14936:11)\n    at performWorkOnRoot (/home/jessica/Documentos/O-SUSHI-FRON-END/node_modules/react-dom/cjs/react-dom-client.development.js:14462:44)\n    at performWorkOnRootViaSchedulerTask (/home/jessica/Documentos/O-SUSHI-FRON-END/node_modules/react-dom/cjs/react-dom-client.development.js:16216:7)\n    at flushActQueue (/home/jessica/Documentos/O-SUSHI-FRON-END/node_modules/react/cjs/react.development.js:566:34)\n    at Object.<anonymous>.process.env.NODE_ENV.exports.act (/home/jessica/Documentos/O-SUSHI-FRON-END/node_modules/react/cjs/react.development.js:859:10)\n    at /home/jessica/Documentos/O-SUSHI-FRON-END/node_modules/@testing-library/react/dist/act-compat.js:47:25\n    at renderRoot (/home/jessica/Documentos/O-SUSHI-FRON-END/node_modules/@testing-library/react/dist/pure.js:190:26)\n    at render (/home/jessica/Documentos/O-SUSHI-FRON-END/node_modules/@testing-library/react/dist/pure.js:292:10)\n    at Object.<anonymous> (/home/jessica/Documentos/O-SUSHI-FRON-END/src/components/ProductCard.test.tsx:35:11)\n    at Promise.then.completed (/home/jessica/Documentos/O-SUSHI-FRON-END/node_modules/jest-circus/build/utils.js:298:28)\n    at new Promise (<anonymous>)\n    at callAsyncCircusFn (/home/jessica/Documentos/O-SUSHI-FRON-END/node_modules/jest-circus/build/utils.js:231:10)\n    at _callCircusTest (/home/jessica/Documentos/O-SUSHI-FRON-END/node_modules/jest-circus/build/run.js:316:40)\n    at processTicksAndRejections (node:internal/process/task_queues:95:5)\n    at _runTest (/home/jessica/Documentos/O-SUSHI-FRON-END/node_modules/jest-circus/build/run.js:252:3)\n    at _runTestsForDescribeBlock (/home/jessica/Documentos/O-SUSHI-FRON-END/node_modules/jest-circus/build/run.js:126:9)\n    at _runTestsForDescribeBlock (/home/jessica/Documentos/O-SUSHI-FRON-END/node_modules/jest-circus/build/run.js:121:9)\n    at run (/home/jessica/Documentos/O-SUSHI-FRON-END/node_modules/jest-circus/build/run.js:71:3)\n    at runAndTransformResultsToJestFormat (/home/jessica/Documentos/O-SUSHI-FRON-END/node_modules/jest-circus/build/legacy-code-todo-rewrite/jestAdapterInit.js:122:21)\n    at jestAdapter (/home/jessica/Documentos/O-SUSHI-FRON-END/node_modules/jest-circus/build/legacy-code-todo-rewrite/jestAdapter.js:79:19)\n    at runTestInternal (/home/jessica/Documentos/O-SUSHI-FRON-END/node_modules/jest-runner/build/runTest.js:367:16)\n    at runTest (/home/jessica/Documentos/O-SUSHI-FRON-END/node_modules/jest-runner/build/runTest.js:444:34)\n    at Object.worker (/home/jessica/Documentos/O-SUSHI-FRON-END/node_modules/jest-runner/build/testWorker.js:106:12)"],"fullName":"ProductCard renderiza o produto corretamente","invocations":1,"location":null,"numPassingAsserts":0,"retryReasons":[],"status":"failed","title":"renderiza o produto corretamente"},{"ancestorTitles":["ProductCard"],"duration":6,"failureDetails":[{}],"failureMessages":["TypeError: Cannot read properties of undefined (reading 'imagem')\n    at imagem (/home/jessica/Documentos/O-SUSHI-FRON-END/src/components/ProductCard.js:17:22)\n    at Object.react-stack-bottom-frame (/home/jessica/Documentos/O-SUSHI-FRON-END/node_modules/react-dom/cjs/react-dom-client.development.js:23863:20)\n    at renderWithHooks (/home/jessica/Documentos/O-SUSHI-FRON-END/node_modules/react-dom/cjs/react-dom-client.development.js:5529:22)\n    at updateFunctionComponent (/home/jessica/Documentos/O-SUSHI-FRON-END/node_modules/react-dom/cjs/react-dom-client.development.js:8897:19)\n    at beginWork (/home/jessica/Documentos/O-SUSHI-FRON-END/node_modules/react-dom/cjs/react-dom-client.development.js:10522:18)\n    at runWithFiberInDEV (/home/jessica/Documentos/O-SUSHI-FRON-END/node_modules/react-dom/cjs/react-dom-client.development.js:1522:13)\n    at performUnitOfWork (/home/jessica/Documentos/O-SUSHI-FRON-END/node_modules/react-dom/cjs/react-dom-client.development.js:15140:22)\n    at workLoopSync (/home/jessica/Documentos/O-SUSHI-FRON-END/node_modules/react-dom/cjs/react-dom-client.development.js:14956:41)\n    at renderRootSync (/home/jessica/Documentos/O-SUSHI-FRON-END/node_modules/react-dom/cjs/react-dom-client.development.js:14936:11)\n    at performWorkOnRoot (/home/jessica/Documentos/O-SUSHI-FRON-END/node_modules/react-dom/cjs/react-dom-client.development.js:14462:44)\n    at performWorkOnRootViaSchedulerTask (/home/jessica/Documentos/O-SUSHI-FRON-END/node_modules/react-dom/cjs/react-dom-client.development.js:16216:7)\n    at flushActQueue (/home/jessica/Documentos/O-SUSHI-FRON-END/node_modules/react/cjs/react.development.js:566:34)\n    at Object.<anonymous>.process.env.NODE_ENV.exports.act (/home/jessica/Documentos/O-SUSHI-FRON-END/node_modules/react/cjs/react.development.js:859:10)\n    at /home/jessica/Documentos/O-SUSHI-FRON-END/node_modules/@testing-library/react/dist/act-compat.js:47:25\n    at renderRoot (/home/jessica/Documentos/O-SUSHI-FRON-END/node_modules/@testing-library/react/dist/pure.js:190:26)\n    at render (/home/jessica/Documentos/O-SUSHI-FRON-END/node_modules/@testing-library/react/dist/pure.js:292:10)\n    at Object.<anonymous> (/home/jessica/Documentos/O-SUSHI-FRON-END/src/components/ProductCard.test.tsx:49:11)\n    at Promise.then.completed (/home/jessica/Documentos/O-SUSHI-FRON-END/node_modules/jest-circus/build/utils.js:298:28)\n    at new Promise (<anonymous>)\n    at callAsyncCircusFn (/home/jessica/Documentos/O-SUSHI-FRON-END/node_modules/jest-circus/build/utils.js:231:10)\n    at _callCircusTest (/home/jessica/Documentos/O-SUSHI-FRON-END/node_modules/jest-circus/build/run.js:316:40)\n    at processTicksAndRejections (node:internal/process/task_queues:95:5)\n    at _runTest (/home/jessica/Documentos/O-SUSHI-FRON-END/node_modules/jest-circus/build/run.js:252:3)\n    at _runTestsForDescribeBlock (/home/jessica/Documentos/O-SUSHI-FRON-END/node_modules/jest-circus/build/run.js:126:9)\n    at _runTestsForDescribeBlock (/home/jessica/Documentos/O-SUSHI-FRON-END/node_modules/jest-circus/build/run.js:121:9)\n    at run (/home/jessica/Documentos/O-SUSHI-FRON-END/node_modules/jest-circus/build/run.js:71:3)\n    at runAndTransformResultsToJestFormat (/home/jessica/Documentos/O-SUSHI-FRON-END/node_modules/jest-circus/build/legacy-code-todo-rewrite/jestAdapterInit.js:122:21)\n    at jestAdapter (/home/jessica/Documentos/O-SUSHI-FRON-END/node_modules/jest-circus/build/legacy-code-todo-rewrite/jestAdapter.js:79:19)\n    at runTestInternal (/home/jessica/Documentos/O-SUSHI-FRON-END/node_modules/jest-runner/build/runTest.js:367:16)\n    at runTest (/home/jessica/Documentos/O-SUSHI-FRON-END/node_modules/jest-runner/build/runTest.js:444:34)\n    at Object.worker (/home/jessica/Documentos/O-SUSHI-FRON-END/node_modules/jest-runner/build/testWorker.js:106:12)"],"fullName":"ProductCard exibe ingredientes quando disponíveis","invocations":1,"location":null,"numPassingAsserts":0,"retryReasons":[],"status":"failed","title":"exibe ingredientes quando disponíveis"},{"ancestorTitles":["ProductCard"],"duration":4,"failureDetails":[{}],"failureMessages":["TypeError: Cannot read properties of undefined (reading 'imagem')\n    at imagem (/home/jessica/Documentos/O-SUSHI-FRON-END/src/components/ProductCard.js:17:22)\n    at Object.react-stack-bottom-frame (/home/jessica/Documentos/O-SUSHI-FRON-END/node_modules/react-dom/cjs/react-dom-client.development.js:23863:20)\n    at renderWithHooks (/home/jessica/Documentos/O-SUSHI-FRON-END/node_modules/react-dom/cjs/react-dom-client.development.js:5529:22)\n    at updateFunctionComponent (/home/jessica/Documentos/O-SUSHI-FRON-END/node_modules/react-dom/cjs/react-dom-client.development.js:8897:19)\n    at beginWork (/home/jessica/Documentos/O-SUSHI-FRON-END/node_modules/react-dom/cjs/react-dom-client.development.js:10522:18)\n    at runWithFiberInDEV (/home/jessica/Documentos/O-SUSHI-FRON-END/node_modules/react-dom/cjs/react-dom-client.development.js:1522:13)\n    at performUnitOfWork (/home/jessica/Documentos/O-SUSHI-FRON-END/node_modules/react-dom/cjs/react-dom-client.development.js:15140:22)\n    at workLoopSync (/home/jessica/Documentos/O-SUSHI-FRON-END/node_modules/react-dom/cjs/react-dom-client.development.js:14956:41)\n    at renderRootSync (/home/jessica/Documentos/O-SUSHI-FRON-END/node_modules/react-dom/cjs/react-dom-client.development.js:14936:11)\n    at performWorkOnRoot (/home/jessica/Documentos/O-SUSHI-FRON-END/node_modules/react-dom/cjs/react-dom-client.development.js:14462:44)\n    at performWorkOnRootViaSchedulerTask (/home/jessica/Documentos/O-SUSHI-FRON-END/node_modules/react-dom/cjs/react-dom-client.development.js:16216:7)\n    at flushActQueue (/home/jessica/Documentos/O-SUSHI-FRON-END/node_modules/react/cjs/react.development.js:566:34)\n    at Object.<anonymous>.process.env.NODE_ENV.exports.act (/home/jessica/Documentos/O-SUSHI-FRON-END/node_modules/react/cjs/react.development.js:859:10)\n    at /home/jessica/Documentos/O-SUSHI-FRON-END/node_modules/@testing-library/react/dist/act-compat.js:47:25\n    at renderRoot (/home/jessica/Documentos/O-SUSHI-FRON-END/node_modules/@testing-library/react/dist/pure.js:190:26)\n    at render (/home/jessica/Documentos/O-SUSHI-FRON-END/node_modules/@testing-library/react/dist/pure.js:292:10)\n    at Object.<anonymous> (/home/jessica/Documentos/O-SUSHI-FRON-END/src/components/ProductCard.test.tsx:60:11)\n    at Promise.then.completed (/home/jessica/Documentos/O-SUSHI-FRON-END/node_modules/jest-circus/build/utils.js:298:28)\n    at new Promise (<anonymous>)\n    at callAsyncCircusFn (/home/jessica/Documentos/O-SUSHI-FRON-END/node_modules/jest-circus/build/utils.js:231:10)\n    at _callCircusTest (/home/jessica/Documentos/O-SUSHI-FRON-END/node_modules/jest-circus/build/run.js:316:40)\n    at processTicksAndRejections (node:internal/process/task_queues:95:5)\n    at _runTest (/home/jessica/Documentos/O-SUSHI-FRON-END/node_modules/jest-circus/build/run.js:252:3)\n    at _runTestsForDescribeBlock (/home/jessica/Documentos/O-SUSHI-FRON-END/node_modules/jest-circus/build/run.js:126:9)\n    at _runTestsForDescribeBlock (/home/jessica/Documentos/O-SUSHI-FRON-END/node_modules/jest-circus/build/run.js:121:9)\n    at run (/home/jessica/Documentos/O-SUSHI-FRON-END/node_modules/jest-circus/build/run.js:71:3)\n    at runAndTransformResultsToJestFormat (/home/jessica/Documentos/O-SUSHI-FRON-END/node_modules/jest-circus/build/legacy-code-todo-rewrite/jestAdapterInit.js:122:21)\n    at jestAdapter (/home/jessica/Documentos/O-SUSHI-FRON-END/node_modules/jest-circus/build/legacy-code-todo-rewrite/jestAdapter.js:79:19)\n    at runTestInternal (/home/jessica/Documentos/O-SUSHI-FRON-END/node_modules/jest-runner/build/runTest.js:367:16)\n    at runTest (/home/jessica/Documentos/O-SUSHI-FRON-END/node_modules/jest-runner/build/runTest.js:444:34)\n    at Object.worker (/home/jessica/Documentos/O-SUSHI-FRON-END/node_modules/jest-runner/build/testWorker.js:106:12)"],"fullName":"ProductCard exibe tempo de preparo quando disponível","invocations":1,"location":null,"numPassingAsserts":0,"retryReasons":[],"status":"failed","title":"exibe tempo de preparo quando disponível"},{"ancestorTitles":["ProductCard"],"duration":3,"failureDetails":[{}],"failureMessages":["TypeError: Cannot read properties of undefined (reading 'imagem')\n    at imagem (/home/jessica/Documentos/O-SUSHI-FRON-END/src/components/ProductCard.js:17:22)\n    at Object.react-stack-bottom-frame (/home/jessica/Documentos/O-SUSHI-FRON-END/node_modules/react-dom/cjs/react-dom-client.development.js:23863:20)\n    at renderWithHooks (/home/jessica/Documentos/O-SUSHI-FRON-END/node_modules/react-dom/cjs/react-dom-client.development.js:5529:22)\n    at updateFunctionComponent (/home/jessica/Documentos/O-SUSHI-FRON-END/node_modules/react-dom/cjs/react-dom-client.development.js:8897:19)\n    at beginWork (/home/jessica/Documentos/O-SUSHI-FRON-END/node_modules/react-dom/cjs/react-dom-client.development.js:10522:18)\n    at runWithFiberInDEV (/home/jessica/Documentos/O-SUSHI-FRON-END/node_modules/react-dom/cjs/react-dom-client.development.js:1522:13)\n    at performUnitOfWork (/home/jessica/Documentos/O-SUSHI-FRON-END/node_modules/react-dom/cjs/react-dom-client.development.js:15140:22)\n    at workLoopSync (/home/jessica/Documentos/O-SUSHI-FRON-END/node_modules/react-dom/cjs/react-dom-client.development.js:14956:41)\n    at renderRootSync (/home/jessica/Documentos/O-SUSHI-FRON-END/node_modules/react-dom/cjs/react-dom-client.development.js:14936:11)\n    at performWorkOnRoot (/home/jessica/Documentos/O-SUSHI-FRON-END/node_modules/react-dom/cjs/react-dom-client.development.js:14462:44)\n    at performWorkOnRootViaSchedulerTask (/home/jessica/Documentos/O-SUSHI-FRON-END/node_modules/react-dom/cjs/react-dom-client.development.js:16216:7)\n    at flushActQueue (/home/jessica/Documentos/O-SUSHI-FRON-END/node_modules/react/cjs/react.development.js:566:34)\n    at Object.<anonymous>.process.env.NODE_ENV.exports.act (/home/jessica/Documentos/O-SUSHI-FRON-END/node_modules/react/cjs/react.development.js:859:10)\n    at /home/jessica/Documentos/O-SUSHI-FRON-END/node_modules/@testing-library/react/dist/act-compat.js:47:25\n    at renderRoot (/home/jessica/Documentos/O-SUSHI-FRON-END/node_modules/@testing-library/react/dist/pure.js:190:26)\n    at render (/home/jessica/Documentos/O-SUSHI-FRON-END/node_modules/@testing-library/react/dist/pure.js:292:10)\n    at Object.<anonymous> (/home/jessica/Documentos/O-SUSHI-FRON-END/src/components/ProductCard.test.tsx:70:11)\n    at Promise.then.completed (/home/jessica/Documentos/O-SUSHI-FRON-END/node_modules/jest-circus/build/utils.js:298:28)\n    at new Promise (<anonymous>)\n    at callAsyncCircusFn (/home/jessica/Documentos/O-SUSHI-FRON-END/node_modules/jest-circus/build/utils.js:231:10)\n    at _callCircusTest (/home/jessica/Documentos/O-SUSHI-FRON-END/node_modules/jest-circus/build/run.js:316:40)\n    at processTicksAndRejections (node:internal/process/task_queues:95:5)\n    at _runTest (/home/jessica/Documentos/O-SUSHI-FRON-END/node_modules/jest-circus/build/run.js:252:3)\n    at _runTestsForDescribeBlock (/home/jessica/Documentos/O-SUSHI-FRON-END/node_modules/jest-circus/build/run.js:126:9)\n    at _runTestsForDescribeBlock (/home/jessica/Documentos/O-SUSHI-FRON-END/node_modules/jest-circus/build/run.js:121:9)\n    at run (/home/jessica/Documentos/O-SUSHI-FRON-END/node_modules/jest-circus/build/run.js:71:3)\n    at runAndTransformResultsToJestFormat (/home/jessica/Documentos/O-SUSHI-FRON-END/node_modules/jest-circus/build/legacy-code-todo-rewrite/jestAdapterInit.js:122:21)\n    at jestAdapter (/home/jessica/Documentos/O-SUSHI-FRON-END/node_modules/jest-circus/build/legacy-code-todo-rewrite/jestAdapter.js:79:19)\n    at runTestInternal (/home/jessica/Documentos/O-SUSHI-FRON-END/node_modules/jest-runner/build/runTest.js:367:16)\n    at runTest (/home/jessica/Documentos/O-SUSHI-FRON-END/node_modules/jest-runner/build/runTest.js:444:34)\n    at Object.worker (/home/jessica/Documentos/O-SUSHI-FRON-END/node_modules/jest-runner/build/testWorker.js:106:12)"],"fullName":"ProductCard chama addToCart quando o botão é clicado","invocations":1,"location":null,"numPassingAsserts":0,"retryReasons":[],"status":"failed","title":"chama addToCart quando o botão é clicado"},{"ancestorTitles":["ProductCard"],"duration":6,"failureDetails":[{}],"failureMessages":["TypeError: Cannot read properties of undefined (reading 'imagem')\n    at imagem (/home/jessica/Documentos/O-SUSHI-FRON-END/src/components/ProductCard.js:17:22)\n    at Object.react-stack-bottom-frame (/home/jessica/Documentos/O-SUSHI-FRON-END/node_modules/react-dom/cjs/react-dom-client.development.js:23863:20)\n    at renderWithHooks (/home/jessica/Documentos/O-SUSHI-FRON-END/node_modules/react-dom/cjs/react-dom-client.development.js:5529:22)\n    at updateFunctionComponent (/home/jessica/Documentos/O-SUSHI-FRON-END/node_modules/react-dom/cjs/react-dom-client.development.js:8897:19)\n    at beginWork (/home/jessica/Documentos/O-SUSHI-FRON-END/node_modules/react-dom/cjs/react-dom-client.development.js:10522:18)\n    at runWithFiberInDEV (/home/jessica/Documentos/O-SUSHI-FRON-END/node_modules/react-dom/cjs/react-dom-client.development.js:1522:13)\n    at performUnitOfWork (/home/jessica/Documentos/O-SUSHI-FRON-END/node_modules/react-dom/cjs/react-dom-client.development.js:15140:22)\n    at workLoopSync (/home/jessica/Documentos/O-SUSHI-FRON-END/node_modules/react-dom/cjs/react-dom-client.development.js:14956:41)\n    at renderRootSync (/home/jessica/Documentos/O-SUSHI-FRON-END/node_modules/react-dom/cjs/react-dom-client.development.js:14936:11)\n    at performWorkOnRoot (/home/jessica/Documentos/O-SUSHI-FRON-END/node_modules/react-dom/cjs/react-dom-client.development.js:14462:44)\n    at performWorkOnRootViaSchedulerTask (/home/jessica/Documentos/O-SUSHI-FRON-END/node_modules/react-dom/cjs/react-dom-client.development.js:16216:7)\n    at flushActQueue (/home/jessica/Documentos/O-SUSHI-FRON-END/node_modules/react/cjs/react.development.js:566:34)\n    at Object.<anonymous>.process.env.NODE_ENV.exports.act (/home/jessica/Documentos/O-SUSHI-FRON-END/node_modules/react/cjs/react.development.js:859:10)\n    at /home/jessica/Documentos/O-SUSHI-FRON-END/node_modules/@testing-library/react/dist/act-compat.js:47:25\n    at renderRoot (/home/jessica/Documentos/O-SUSHI-FRON-END/node_modules/@testing-library/react/dist/pure.js:190:26)\n    at render (/home/jessica/Documentos/O-SUSHI-FRON-END/node_modules/@testing-library/react/dist/pure.js:292:10)\n    at Object.<anonymous> (/home/jessica/Documentos/O-SUSHI-FRON-END/src/components/ProductCard.test.tsx:85:11)\n    at Promise.then.completed (/home/jessica/Documentos/O-SUSHI-FRON-END/node_modules/jest-circus/build/utils.js:298:28)\n    at new Promise (<anonymous>)\n    at callAsyncCircusFn (/home/jessica/Documentos/O-SUSHI-FRON-END/node_modules/jest-circus/build/utils.js:231:10)\n    at _callCircusTest (/home/jessica/Documentos/O-SUSHI-FRON-END/node_modules/jest-circus/build/run.js:316:40)\n    at processTicksAndRejections (node:internal/process/task_queues:95:5)\n    at _runTest (/home/jessica/Documentos/O-SUSHI-FRON-END/node_modules/jest-circus/build/run.js:252:3)\n    at _runTestsForDescribeBlock (/home/jessica/Documentos/O-SUSHI-FRON-END/node_modules/jest-circus/build/run.js:126:9)\n    at _runTestsForDescribeBlock (/home/jessica/Documentos/O-SUSHI-FRON-END/node_modules/jest-circus/build/run.js:121:9)\n    at run (/home/jessica/Documentos/O-SUSHI-FRON-END/node_modules/jest-circus/build/run.js:71:3)\n    at runAndTransformResultsToJestFormat (/home/jessica/Documentos/O-SUSHI-FRON-END/node_modules/jest-circus/build/legacy-code-todo-rewrite/jestAdapterInit.js:122:21)\n    at jestAdapter (/home/jessica/Documentos/O-SUSHI-FRON-END/node_modules/jest-circus/build/legacy-code-todo-rewrite/jestAdapter.js:79:19)\n    at runTestInternal (/home/jessica/Documentos/O-SUSHI-FRON-END/node_modules/jest-runner/build/runTest.js:367:16)\n    at runTest (/home/jessica/Documentos/O-SUSHI-FRON-END/node_modules/jest-runner/build/runTest.js:444:34)\n    at Object.worker (/home/jessica/Documentos/O-SUSHI-FRON-END/node_modules/jest-runner/build/testWorker.js:106:12)"],"fullName":"ProductCard desabilita o botão quando o produto não está disponível","invocations":1,"location":null,"numPassingAsserts":0,"retryReasons":[],"status":"failed","title":"desabilita o botão quando o produto não está disponível"},{"ancestorTitles":["ProductCard"],"duration":3,"failureDetails":[{}],"failureMessages":["TypeError: Cannot read properties of undefined (reading 'imagem')\n    at imagem (/home/jessica/Documentos/O-SUSHI-FRON-END/src/components/ProductCard.js:17:22)\n    at Object.react-stack-bottom-frame (/home/jessica/Documentos/O-SUSHI-FRON-END/node_modules/react-dom/cjs/react-dom-client.development.js:23863:20)\n    at renderWithHooks (/home/jessica/Documentos/O-SUSHI-FRON-END/node_modules/react-dom/cjs/react-dom-client.development.js:5529:22)\n    at updateFunctionComponent (/home/jessica/Documentos/O-SUSHI-FRON-END/node_modules/react-dom/cjs/react-dom-client.development.js:8897:19)\n    at beginWork (/home/jessica/Documentos/O-SUSHI-FRON-END/node_modules/react-dom/cjs/react-dom-client.development.js:10522:18)\n    at runWithFiberInDEV (/home/jessica/Documentos/O-SUSHI-FRON-END/node_modules/react-dom/cjs/react-dom-client.development.js:1522:13)\n    at performUnitOfWork (/home/jessica/Documentos/O-SUSHI-FRON-END/node_modules/react-dom/cjs/react-dom-client.development.js:15140:22)\n    at workLoopSync (/home/jessica/Documentos/O-SUSHI-FRON-END/node_modules/react-dom/cjs/react-dom-client.development.js:14956:41)\n    at renderRootSync (/home/jessica/Documentos/O-SUSHI-FRON-END/node_modules/react-dom/cjs/react-dom-client.development.js:14936:11)\n    at performWorkOnRoot (/home/jessica/Documentos/O-SUSHI-FRON-END/node_modules/react-dom/cjs/react-dom-client.development.js:14462:44)\n    at performWorkOnRootViaSchedulerTask (/home/jessica/Documentos/O-SUSHI-FRON-END/node_modules/react-dom/cjs/react-dom-client.development.js:16216:7)\n    at flushActQueue (/home/jessica/Documentos/O-SUSHI-FRON-END/node_modules/react/cjs/react.development.js:566:34)\n    at Object.<anonymous>.process.env.NODE_ENV.exports.act (/home/jessica/Documentos/O-SUSHI-FRON-END/node_modules/react/cjs/react.development.js:859:10)\n    at /home/jessica/Documentos/O-SUSHI-FRON-END/node_modules/@testing-library/react/dist/act-compat.js:47:25\n    at renderRoot (/home/jessica/Documentos/O-SUSHI-FRON-END/node_modules/@testing-library/react/dist/pure.js:190:26)\n    at render (/home/jessica/Documentos/O-SUSHI-FRON-END/node_modules/@testing-library/react/dist/pure.js:292:10)\n    at Object.<anonymous> (/home/jessica/Documentos/O-SUSHI-FRON-END/src/components/ProductCard.test.tsx:98:11)\n    at Promise.then.completed (/home/jessica/Documentos/O-SUSHI-FRON-END/node_modules/jest-circus/build/utils.js:298:28)\n    at new Promise (<anonymous>)\n    at callAsyncCircusFn (/home/jessica/Documentos/O-SUSHI-FRON-END/node_modules/jest-circus/build/utils.js:231:10)\n    at _callCircusTest (/home/jessica/Documentos/O-SUSHI-FRON-END/node_modules/jest-circus/build/run.js:316:40)\n    at processTicksAndRejections (node:internal/process/task_queues:95:5)\n    at _runTest (/home/jessica/Documentos/O-SUSHI-FRON-END/node_modules/jest-circus/build/run.js:252:3)\n    at _runTestsForDescribeBlock (/home/jessica/Documentos/O-SUSHI-FRON-END/node_modules/jest-circus/build/run.js:126:9)\n    at _runTestsForDescribeBlock (/home/jessica/Documentos/O-SUSHI-FRON-END/node_modules/jest-circus/build/run.js:121:9)\n    at run (/home/jessica/Documentos/O-SUSHI-FRON-END/node_modules/jest-circus/build/run.js:71:3)\n    at runAndTransformResultsToJestFormat (/home/jessica/Documentos/O-SUSHI-FRON-END/node_modules/jest-circus/build/legacy-code-todo-rewrite/jestAdapterInit.js:122:21)\n    at jestAdapter (/home/jessica/Documentos/O-SUSHI-FRON-END/node_modules/jest-circus/build/legacy-code-todo-rewrite/jestAdapter.js:79:19)\n    at runTestInternal (/home/jessica/Documentos/O-SUSHI-FRON-END/node_modules/jest-runner/build/runTest.js:367:16)\n    at runTest (/home/jessica/Documentos/O-SUSHI-FRON-END/node_modules/jest-runner/build/runTest.js:444:34)\n    at Object.worker (/home/jessica/Documentos/O-SUSHI-FRON-END/node_modules/jest-runner/build/testWorker.js:106:12)"],"fullName":"ProductCard não chama addToCart quando o produto não está disponível","invocations":1,"location":null,"numPassingAsserts":0,"retryReasons":[],"status":"failed","title":"não chama addToCart quando o produto não está disponível"},{"ancestorTitles":["ProductCard"],"duration":3,"failureDetails":[{}],"failureMessages":["TypeError: Cannot read properties of undefined (reading 'imagem')\n    at imagem (/home/jessica/Documentos/O-SUSHI-FRON-END/src/components/ProductCard.js:17:22)\n    at Object.react-stack-bottom-frame (/home/jessica/Documentos/O-SUSHI-FRON-END/node_modules/react-dom/cjs/react-dom-client.development.js:23863:20)\n    at renderWithHooks (/home/jessica/Documentos/O-SUSHI-FRON-END/node_modules/react-dom/cjs/react-dom-client.development.js:5529:22)\n    at updateFunctionComponent (/home/jessica/Documentos/O-SUSHI-FRON-END/node_modules/react-dom/cjs/react-dom-client.development.js:8897:19)\n    at beginWork (/home/jessica/Documentos/O-SUSHI-FRON-END/node_modules/react-dom/cjs/react-dom-client.development.js:10522:18)\n    at runWithFiberInDEV (/home/jessica/Documentos/O-SUSHI-FRON-END/node_modules/react-dom/cjs/react-dom-client.development.js:1522:13)\n    at performUnitOfWork (/home/jessica/Documentos/O-SUSHI-FRON-END/node_modules/react-dom/cjs/react-dom-client.development.js:15140:22)\n    at workLoopSync (/home/jessica/Documentos/O-SUSHI-FRON-END/node_modules/react-dom/cjs/react-dom-client.development.js:14956:41)\n    at renderRootSync (/home/jessica/Documentos/O-SUSHI-FRON-END/node_modules/react-dom/cjs/react-dom-client.development.js:14936:11)\n    at performWorkOnRoot (/home/jessica/Documentos/O-SUSHI-FRON-END/node_modules/react-dom/cjs/react-dom-client.development.js:14462:44)\n    at performWorkOnRootViaSchedulerTask (/home/jessica/Documentos/O-SUSHI-FRON-END/node_modules/react-dom/cjs/react-dom-client.development.js:16216:7)\n    at flushActQueue (/home/jessica/Documentos/O-SUSHI-FRON-END/node_modules/react/cjs/react.development.js:566:34)\n    at Object.<anonymous>.process.env.NODE_ENV.exports.act (/home/jessica/Documentos/O-SUSHI-FRON-END/node_modules/react/cjs/react.development.js:859:10)\n    at /home/jessica/Documentos/O-SUSHI-FRON-END/node_modules/@testing-library/react/dist/act-compat.js:47:25\n    at renderRoot (/home/jessica/Documentos/O-SUSHI-FRON-END/node_modules/@testing-library/react/dist/pure.js:190:26)\n    at render (/home/jessica/Documentos/O-SUSHI-FRON-END/node_modules/@testing-library/react/dist/pure.js:292:10)\n    at Object.<anonymous> (/home/jessica/Documentos/O-SUSHI-FRON-END/src/components/ProductCard.test.tsx:113:11)\n    at Promise.then.completed (/home/jessica/Documentos/O-SUSHI-FRON-END/node_modules/jest-circus/build/utils.js:298:28)\n    at new Promise (<anonymous>)\n    at callAsyncCircusFn (/home/jessica/Documentos/O-SUSHI-FRON-END/node_modules/jest-circus/build/utils.js:231:10)\n    at _callCircusTest (/home/jessica/Documentos/O-SUSHI-FRON-END/node_modules/jest-circus/build/run.js:316:40)\n    at processTicksAndRejections (node:internal/process/task_queues:95:5)\n    at _runTest (/home/jessica/Documentos/O-SUSHI-FRON-END/node_modules/jest-circus/build/run.js:252:3)\n    at _runTestsForDescribeBlock (/home/jessica/Documentos/O-SUSHI-FRON-END/node_modules/jest-circus/build/run.js:126:9)\n    at _runTestsForDescribeBlock (/home/jessica/Documentos/O-SUSHI-FRON-END/node_modules/jest-circus/build/run.js:121:9)\n    at run (/home/jessica/Documentos/O-SUSHI-FRON-END/node_modules/jest-circus/build/run.js:71:3)\n    at runAndTransformResultsToJestFormat (/home/jessica/Documentos/O-SUSHI-FRON-END/node_modules/jest-circus/build/legacy-code-todo-rewrite/jestAdapterInit.js:122:21)\n    at jestAdapter (/home/jessica/Documentos/O-SUSHI-FRON-END/node_modules/jest-circus/build/legacy-code-todo-rewrite/jestAdapter.js:79:19)\n    at runTestInternal (/home/jessica/Documentos/O-SUSHI-FRON-END/node_modules/jest-runner/build/runTest.js:367:16)\n    at runTest (/home/jessica/Documentos/O-SUSHI-FRON-END/node_modules/jest-runner/build/runTest.js:444:34)\n    at Object.worker (/home/jessica/Documentos/O-SUSHI-FRON-END/node_modules/jest-runner/build/testWorker.js:106:12)"],"fullName":"ProductCard usa imagem padrão quando imageUrl não está disponível","invocations":1,"location":null,"numPassingAsserts":0,"retryReasons":[],"status":"failed","title":"usa imagem padrão quando imageUrl não está disponível"}],"endTime":1753033860635,"message":"  ● ProductCard › renderiza o produto corretamente\n\n    TypeError: Cannot read properties of undefined (reading 'imagem')\n\n  ● ProductCard › exibe ingredientes quando disponíveis\n\n    TypeError: Cannot read properties of undefined (reading 'imagem')\n\n  ● ProductCard › exibe tempo de preparo quando disponível\n\n    TypeError: Cannot read properties of undefined (reading 'imagem')\n\n  ● ProductCard › chama addToCart quando o botão é clicado\n\n    TypeError: Cannot read properties of undefined (reading 'imagem')\n\n  ● ProductCard › desabilita o botão quando o produto não está disponível\n\n    TypeError: Cannot read properties of undefined (reading 'imagem')\n\n  ● ProductCard › não chama addToCart quando o produto não está disponível\n\n    TypeError: Cannot read properties of undefined (reading 'imagem')\n\n  ● ProductCard › usa imagem padrão quando imageUrl não está disponível\n\n    TypeError: Cannot read properties of undefined (reading 'imagem')\n","name":"/home/jessica/Documentos/O-SUSHI-FRON-END/src/components/ProductCard.test.tsx","startTime":1753033859532,"status":"failed","summary":""},{"assertionResults":[{"ancestorTitles":["Button"],"duration":22,"failureDetails":[],"failureMessages":[],"fullName":"Button renderiza o botão com o texto correto","invocations":1,"location":null,"numPassingAsserts":1,"retryReasons":[],"status":"passed","title":"renderiza o botão com o texto correto"},{"ancestorTitles":["Button"],"duration":8,"failureDetails":[],"failureMessages":[],"fullName":"Button chama onClick quando clicado","invocations":1,"location":null,"numPassingAsserts":1,"retryReasons":[],"status":"passed","title":"chama onClick quando clicado"},{"ancestorTitles":["Button"],"duration":11,"failureDetails":[{"matcherResult":{"pass":false,"message":"expect(element).toHaveClass(\"primary\")\n\nExpected the element to have class:\n  primary\nReceived:\n  button"}}],"failureMessages":["Error: expect(element).toHaveClass(\"primary\")\n\nExpected the element to have class:\n  primary\nReceived:\n  button\n    at Object.toHaveClass (/home/jessica/Documentos/O-SUSHI-FRON-END/src/components/Button.test.tsx:20:39)\n    at Promise.then.completed (/home/jessica/Documentos/O-SUSHI-FRON-END/node_modules/jest-circus/build/utils.js:298:28)\n    at new Promise (<anonymous>)\n    at callAsyncCircusFn (/home/jessica/Documentos/O-SUSHI-FRON-END/node_modules/jest-circus/build/utils.js:231:10)\n    at _callCircusTest (/home/jessica/Documentos/O-SUSHI-FRON-END/node_modules/jest-circus/build/run.js:316:40)\n    at processTicksAndRejections (node:internal/process/task_queues:95:5)\n    at _runTest (/home/jessica/Documentos/O-SUSHI-FRON-END/node_modules/jest-circus/build/run.js:252:3)\n    at _runTestsForDescribeBlock (/home/jessica/Documentos/O-SUSHI-FRON-END/node_modules/jest-circus/build/run.js:126:9)\n    at _runTestsForDescribeBlock (/home/jessica/Documentos/O-SUSHI-FRON-END/node_modules/jest-circus/build/run.js:121:9)\n    at run (/home/jessica/Documentos/O-SUSHI-FRON-END/node_modules/jest-circus/build/run.js:71:3)\n    at runAndTransformResultsToJestFormat (/home/jessica/Documentos/O-SUSHI-FRON-END/node_modules/jest-circus/build/legacy-code-todo-rewrite/jestAdapterInit.js:122:21)\n    at jestAdapter (/home/jessica/Documentos/O-SUSHI-FRON-END/node_modules/jest-circus/build/legacy-code-todo-rewrite/jestAdapter.js:79:19)\n    at runTestInternal (/home/jessica/Documentos/O-SUSHI-FRON-END/node_modules/jest-runner/build/runTest.js:367:16)\n    at runTest (/home/jessica/Documentos/O-SUSHI-FRON-END/node_modules/jest-runner/build/runTest.js:444:34)\n    at Object.worker (/home/jessica/Documentos/O-SUSHI-FRON-END/node_modules/jest-runner/build/testWorker.js:106:12)"],"fullName":"Button aplica variantes de estilo corretamente","invocations":1,"location":null,"numPassingAsserts":0,"retryReasons":[],"status":"failed","title":"aplica variantes de estilo corretamente"},{"ancestorTitles":["Button"],"duration":6,"failureDetails":[{"matcherResult":{"pass":false,"message":"expect(element).toHaveClass(\"small\")\n\nExpected the element to have class:\n  small\nReceived:\n  button"}}],"failureMessages":["Error: expect(element).toHaveClass(\"small\")\n\nExpected the element to have class:\n  small\nReceived:\n  button\n    at Object.toHaveClass (/home/jessica/Documentos/O-SUSHI-FRON-END/src/components/Button.test.tsx:31:39)\n    at Promise.then.completed (/home/jessica/Documentos/O-SUSHI-FRON-END/node_modules/jest-circus/build/utils.js:298:28)\n    at new Promise (<anonymous>)\n    at callAsyncCircusFn (/home/jessica/Documentos/O-SUSHI-FRON-END/node_modules/jest-circus/build/utils.js:231:10)\n    at _callCircusTest (/home/jessica/Documentos/O-SUSHI-FRON-END/node_modules/jest-circus/build/run.js:316:40)\n    at processTicksAndRejections (node:internal/process/task_queues:95:5)\n    at _runTest (/home/jessica/Documentos/O-SUSHI-FRON-END/node_modules/jest-circus/build/run.js:252:3)\n    at _runTestsForDescribeBlock (/home/jessica/Documentos/O-SUSHI-FRON-END/node_modules/jest-circus/build/run.js:126:9)\n    at _runTestsForDescribeBlock (/home/jessica/Documentos/O-SUSHI-FRON-END/node_modules/jest-circus/build/run.js:121:9)\n    at run (/home/jessica/Documentos/O-SUSHI-FRON-END/node_modules/jest-circus/build/run.js:71:3)\n    at runAndTransformResultsToJestFormat (/home/jessica/Documentos/O-SUSHI-FRON-END/node_modules/jest-circus/build/legacy-code-todo-rewrite/jestAdapterInit.js:122:21)\n    at jestAdapter (/home/jessica/Documentos/O-SUSHI-FRON-END/node_modules/jest-circus/build/legacy-code-todo-rewrite/jestAdapter.js:79:19)\n    at runTestInternal (/home/jessica/Documentos/O-SUSHI-FRON-END/node_modules/jest-runner/build/runTest.js:367:16)\n    at runTest (/home/jessica/Documentos/O-SUSHI-FRON-END/node_modules/jest-runner/build/runTest.js:444:34)\n    at Object.worker (/home/jessica/Documentos/O-SUSHI-FRON-END/node_modules/jest-runner/build/testWorker.js:106:12)"],"fullName":"Button aplica tamanhos corretamente","invocations":1,"location":null,"numPassingAsserts":0,"retryReasons":[],"status":"failed","title":"aplica tamanhos corretamente"},{"ancestorTitles":["Button"],"duration":3,"failureDetails":[],"failureMessages":[],"fullName":"Button desabilita o botão quando disabled é true","invocations":1,"location":null,"numPassingAsserts":1,"retryReasons":[],"status":"passed","title":"desabilita o botão quando disabled é true"},{"ancestorTitles":["Button"],"duration":3,"failureDetails":[],"failureMessages":[],"fullName":"Button não chama onClick quando desabilitado","invocations":1,"location":null,"numPassingAsserts":1,"retryReasons":[],"status":"passed","title":"não chama onClick quando desabilitado"}],"endTime":1753033861136,"message":"  ● Button › aplica variantes de estilo corretamente\n\n    expect(element).toHaveClass(\"primary\")\n\n    Expected the element to have class:\n      primary\n    Received:\n      button\n\n  ● Button › aplica tamanhos corretamente\n\n    expect(element).toHaveClass(\"small\")\n\n    Expected the element to have class:\n      small\n    Received:\n      button\n","name":"/home/jessica/Documentos/O-SUSHI-FRON-END/src/components/Button.test.tsx","startTime":1753033860693,"status":"failed","summary":""},{"assertionResults":[{"ancestorTitles":["ProductCard Component"],"duration":384,"failureDetails":[],"failureMessages":[],"fullName":"ProductCard Component deve renderizar as informações do produto corretamente","invocations":1,"location":null,"numPassingAsserts":4,"retryReasons":[],"status":"passed","title":"deve renderizar as informações do produto corretamente"},{"ancestorTitles":["ProductCard Component"],"duration":66,"failureDetails":[],"failureMessages":[],"fullName":"ProductCard Component deve chamar a função addToCart com o produto correto quando o botão é clicado","invocations":1,"location":null,"numPassingAsserts":2,"retryReasons":[],"status":"passed","title":"deve chamar a função addToCart com o produto correto quando o botão é clicado"}],"endTime":1753033861400,"message":"","name":"/home/jessica/Documentos/O-SUSHI-FRON-END/src/components/ProductCard.test.js","startTime":1753033860700,"status":"passed","summary":""},{"assertionResults":[{"ancestorTitles":["Header Component"],"duration":138,"failureDetails":[],"failureMessages":[],"fullName":"Header Component deve renderizar o logo e o link do carrinho sem o contador quando o carrinho está vazio","invocations":1,"location":null,"numPassingAsserts":3,"retryReasons":[],"status":"passed","title":"deve renderizar o logo e o link do carrinho sem o contador quando o carrinho está vazio"},{"ancestorTitles":["Header Component"],"duration":10,"failureDetails":[],"failureMessages":[],"fullName":"Header Component deve mostrar o número total de itens no contador do carrinho","invocations":1,"location":null,"numPassingAsserts":1,"retryReasons":[],"status":"passed","title":"deve mostrar o número total de itens no contador do carrinho"}],"endTime":1753033861489,"message":"","name":"/home/jessica/Documentos/O-SUSHI-FRON-END/src/components/Header.test.js","startTime":1753033861150,"status":"passed","summary":""},{"assertionResults":[{"ancestorTitles":["Header"],"duration":119,"failureDetails":[{"name":"TestingLibraryElementError"}],"failureMessages":["TestingLibraryElementError: Unable to find an element with the text: 🍣 O Sushi. This could be because the text is broken up by multiple elements. In this case, you can provide a function for your text matcher to make your matcher more flexible.\n\nIgnored nodes: comments, script, style\n\u001b[36m<body>\u001b[39m\n  \u001b[36m<div>\u001b[39m\n    \u001b[36m<header\u001b[39m\n      \u001b[33mclass\u001b[39m=\u001b[32m\"header\"\u001b[39m\n    \u001b[36m>\u001b[39m\n      \u001b[36m<div\u001b[39m\n        \u001b[33mclass\u001b[39m=\u001b[32m\"container\"\u001b[39m\n      \u001b[36m>\u001b[39m\n        \u001b[36m<a\u001b[39m\n          \u001b[33mclass\u001b[39m=\u001b[32m\"logo\"\u001b[39m\n          \u001b[33mhref\u001b[39m=\u001b[32m\"/\"\u001b[39m\n        \u001b[36m>\u001b[39m\n          \u001b[0m🍣 Sushi House\u001b[0m\n        \u001b[36m</a>\u001b[39m\n        \u001b[36m<nav>\u001b[39m\n          \u001b[36m<a\u001b[39m\n            \u001b[33mclass\u001b[39m=\u001b[32m\"cartLink\"\u001b[39m\n            \u001b[33mhref\u001b[39m=\u001b[32m\"/carrinho\"\u001b[39m\n          \u001b[36m>\u001b[39m\n            \u001b[36m<div\u001b[39m\n              \u001b[33mclass\u001b[39m=\u001b[32m\"cartIcon\"\u001b[39m\n            \u001b[36m>\u001b[39m\n              \u001b[0m🛒\u001b[0m\n            \u001b[36m</div>\u001b[39m\n            \u001b[0mCarrinho\u001b[0m\n          \u001b[36m</a>\u001b[39m\n        \u001b[36m</nav>\u001b[39m\n      \u001b[36m</div>\u001b[39m\n    \u001b[36m</header>\u001b[39m\n  \u001b[36m</div>\u001b[39m\n\u001b[36m</body>\u001b[39m\n    at Object.getElementError (/home/jessica/Documentos/O-SUSHI-FRON-END/node_modules/@testing-library/dom/dist/config.js:37:19)\n    at /home/jessica/Documentos/O-SUSHI-FRON-END/node_modules/@testing-library/dom/dist/query-helpers.js:76:38\n    at /home/jessica/Documentos/O-SUSHI-FRON-END/node_modules/@testing-library/dom/dist/query-helpers.js:52:17\n    at /home/jessica/Documentos/O-SUSHI-FRON-END/node_modules/@testing-library/dom/dist/query-helpers.js:95:19\n    at Object.getByText (/home/jessica/Documentos/O-SUSHI-FRON-END/src/components/Header.test.tsx:23:19)\n    at Promise.then.completed (/home/jessica/Documentos/O-SUSHI-FRON-END/node_modules/jest-circus/build/utils.js:298:28)\n    at new Promise (<anonymous>)\n    at callAsyncCircusFn (/home/jessica/Documentos/O-SUSHI-FRON-END/node_modules/jest-circus/build/utils.js:231:10)\n    at _callCircusTest (/home/jessica/Documentos/O-SUSHI-FRON-END/node_modules/jest-circus/build/run.js:316:40)\n    at processTicksAndRejections (node:internal/process/task_queues:95:5)\n    at _runTest (/home/jessica/Documentos/O-SUSHI-FRON-END/node_modules/jest-circus/build/run.js:252:3)\n    at _runTestsForDescribeBlock (/home/jessica/Documentos/O-SUSHI-FRON-END/node_modules/jest-circus/build/run.js:126:9)\n    at _runTestsForDescribeBlock (/home/jessica/Documentos/O-SUSHI-FRON-END/node_modules/jest-circus/build/run.js:121:9)\n    at run (/home/jessica/Documentos/O-SUSHI-FRON-END/node_modules/jest-circus/build/run.js:71:3)\n    at runAndTransformResultsToJestFormat (/home/jessica/Documentos/O-SUSHI-FRON-END/node_modules/jest-circus/build/legacy-code-todo-rewrite/jestAdapterInit.js:122:21)\n    at jestAdapter (/home/jessica/Documentos/O-SUSHI-FRON-END/node_modules/jest-circus/build/legacy-code-todo-rewrite/jestAdapter.js:79:19)\n    at runTestInternal (/home/jessica/Documentos/O-SUSHI-FRON-END/node_modules/jest-runner/build/runTest.js:367:16)\n    at runTest (/home/jessica/Documentos/O-SUSHI-FRON-END/node_modules/jest-runner/build/runTest.js:444:34)\n    at Object.worker (/home/jessica/Documentos/O-SUSHI-FRON-END/node_modules/jest-runner/build/testWorker.js:106:12)"],"fullName":"Header renderiza o logo do O Sushi","invocations":1,"location":null,"numPassingAsserts":0,"retryReasons":[],"status":"failed","title":"renderiza o logo do O Sushi"},{"ancestorTitles":["Header"],"duration":23,"failureDetails":[{"name":"TestingLibraryElementError"}],"failureMessages":["TestingLibraryElementError: Unable to find an element with the text: Cardápio. This could be because the text is broken up by multiple elements. In this case, you can provide a function for your text matcher to make your matcher more flexible.\n\nIgnored nodes: comments, script, style\n\u001b[36m<body>\u001b[39m\n  \u001b[36m<div>\u001b[39m\n    \u001b[36m<header\u001b[39m\n      \u001b[33mclass\u001b[39m=\u001b[32m\"header\"\u001b[39m\n    \u001b[36m>\u001b[39m\n      \u001b[36m<div\u001b[39m\n        \u001b[33mclass\u001b[39m=\u001b[32m\"container\"\u001b[39m\n      \u001b[36m>\u001b[39m\n        \u001b[36m<a\u001b[39m\n          \u001b[33mclass\u001b[39m=\u001b[32m\"logo\"\u001b[39m\n          \u001b[33mhref\u001b[39m=\u001b[32m\"/\"\u001b[39m\n        \u001b[36m>\u001b[39m\n          \u001b[0m🍣 Sushi House\u001b[0m\n        \u001b[36m</a>\u001b[39m\n        \u001b[36m<nav>\u001b[39m\n          \u001b[36m<a\u001b[39m\n            \u001b[33mclass\u001b[39m=\u001b[32m\"cartLink\"\u001b[39m\n            \u001b[33mhref\u001b[39m=\u001b[32m\"/carrinho\"\u001b[39m\n          \u001b[36m>\u001b[39m\n            \u001b[36m<div\u001b[39m\n              \u001b[33mclass\u001b[39m=\u001b[32m\"cartIcon\"\u001b[39m\n            \u001b[36m>\u001b[39m\n              \u001b[0m🛒\u001b[0m\n            \u001b[36m</div>\u001b[39m\n            \u001b[0mCarrinho\u001b[0m\n          \u001b[36m</a>\u001b[39m\n        \u001b[36m</nav>\u001b[39m\n      \u001b[36m</div>\u001b[39m\n    \u001b[36m</header>\u001b[39m\n  \u001b[36m</div>\u001b[39m\n\u001b[36m</body>\u001b[39m\n    at Object.getElementError (/home/jessica/Documentos/O-SUSHI-FRON-END/node_modules/@testing-library/dom/dist/config.js:37:19)\n    at /home/jessica/Documentos/O-SUSHI-FRON-END/node_modules/@testing-library/dom/dist/query-helpers.js:76:38\n    at /home/jessica/Documentos/O-SUSHI-FRON-END/node_modules/@testing-library/dom/dist/query-helpers.js:52:17\n    at /home/jessica/Documentos/O-SUSHI-FRON-END/node_modules/@testing-library/dom/dist/query-helpers.js:95:19\n    at Object.getByText (/home/jessica/Documentos/O-SUSHI-FRON-END/src/components/Header.test.tsx:35:19)\n    at Promise.then.completed (/home/jessica/Documentos/O-SUSHI-FRON-END/node_modules/jest-circus/build/utils.js:298:28)\n    at new Promise (<anonymous>)\n    at callAsyncCircusFn (/home/jessica/Documentos/O-SUSHI-FRON-END/node_modules/jest-circus/build/utils.js:231:10)\n    at _callCircusTest (/home/jessica/Documentos/O-SUSHI-FRON-END/node_modules/jest-circus/build/run.js:316:40)\n    at processTicksAndRejections (node:internal/process/task_queues:95:5)\n    at _runTest (/home/jessica/Documentos/O-SUSHI-FRON-END/node_modules/jest-circus/build/run.js:252:3)\n    at _runTestsForDescribeBlock (/home/jessica/Documentos/O-SUSHI-FRON-END/node_modules/jest-circus/build/run.js:126:9)\n    at _runTestsForDescribeBlock (/home/jessica/Documentos/O-SUSHI-FRON-END/node_modules/jest-circus/build/run.js:121:9)\n    at run (/home/jessica/Documentos/O-SUSHI-FRON-END/node_modules/jest-circus/build/run.js:71:3)\n    at runAndTransformResultsToJestFormat (/home/jessica/Documentos/O-SUSHI-FRON-END/node_modules/jest-circus/build/legacy-code-todo-rewrite/jestAdapterInit.js:122:21)\n    at jestAdapter (/home/jessica/Documentos/O-SUSHI-FRON-END/node_modules/jest-circus/build/legacy-code-todo-rewrite/jestAdapter.js:79:19)\n    at runTestInternal (/home/jessica/Documentos/O-SUSHI-FRON-END/node_modules/jest-runner/build/runTest.js:367:16)\n    at runTest (/home/jessica/Documentos/O-SUSHI-FRON-END/node_modules/jest-runner/build/runTest.js:444:34)\n    at Object.worker (/home/jessica/Documentos/O-SUSHI-FRON-END/node_modules/jest-runner/build/testWorker.js:106:12)"],"fullName":"Header renderiza os links de navegação","invocations":1,"location":null,"numPassingAsserts":0,"retryReasons":[],"status":"failed","title":"renderiza os links de navegação"},{"ancestorTitles":["Header"],"duration":15,"failureDetails":[],"failureMessages":[],"fullName":"Header exibe badge do carrinho quando há itens","invocations":1,"location":null,"numPassingAsserts":1,"retryReasons":[],"status":"passed","title":"exibe badge do carrinho quando há itens"}],"endTime":1753033861545,"message":"  ● Header › renderiza o logo do O Sushi\n\n    TestingLibraryElementError: Unable to find an element with the text: 🍣 O Sushi. This could be because the text is broken up by multiple elements. In this case, you can provide a function for your text matcher to make your matcher more flexible.\n\n    Ignored nodes: comments, script, style\n    \u001b[36m<body>\u001b[39m\n      \u001b[36m<div>\u001b[39m\n        \u001b[36m<header\u001b[39m\n          \u001b[33mclass\u001b[39m=\u001b[32m\"header\"\u001b[39m\n        \u001b[36m>\u001b[39m\n          \u001b[36m<div\u001b[39m\n            \u001b[33mclass\u001b[39m=\u001b[32m\"container\"\u001b[39m\n          \u001b[36m>\u001b[39m\n            \u001b[36m<a\u001b[39m\n              \u001b[33mclass\u001b[39m=\u001b[32m\"logo\"\u001b[39m\n              \u001b[33mhref\u001b[39m=\u001b[32m\"/\"\u001b[39m\n            \u001b[36m>\u001b[39m\n              \u001b[0m🍣 Sushi House\u001b[0m\n            \u001b[36m</a>\u001b[39m\n            \u001b[36m<nav>\u001b[39m\n              \u001b[36m<a\u001b[39m\n                \u001b[33mclass\u001b[39m=\u001b[32m\"cartLink\"\u001b[39m\n                \u001b[33mhref\u001b[39m=\u001b[32m\"/carrinho\"\u001b[39m\n              \u001b[36m>\u001b[39m\n                \u001b[36m<div\u001b[39m\n                  \u001b[33mclass\u001b[39m=\u001b[32m\"cartIcon\"\u001b[39m\n                \u001b[36m>\u001b[39m\n                  \u001b[0m🛒\u001b[0m\n                \u001b[36m</div>\u001b[39m\n                \u001b[0mCarrinho\u001b[0m\n              \u001b[36m</a>\u001b[39m\n            \u001b[36m</nav>\u001b[39m\n          \u001b[36m</div>\u001b[39m\n        \u001b[36m</header>\u001b[39m\n      \u001b[36m</div>\u001b[39m\n    \u001b[36m</body>\u001b[39m\n\n  ● Header › renderiza os links de navegação\n\n    TestingLibraryElementError: Unable to find an element with the text: Cardápio. This could be because the text is broken up by multiple elements. In this case, you can provide a function for your text matcher to make your matcher more flexible.\n\n    Ignored nodes: comments, script, style\n    \u001b[36m<body>\u001b[39m\n      \u001b[36m<div>\u001b[39m\n        \u001b[36m<header\u001b[39m\n          \u001b[33mclass\u001b[39m=\u001b[32m\"header\"\u001b[39m\n        \u001b[36m>\u001b[39m\n          \u001b[36m<div\u001b[39m\n            \u001b[33mclass\u001b[39m=\u001b[32m\"container\"\u001b[39m\n          \u001b[36m>\u001b[39m\n            \u001b[36m<a\u001b[39m\n              \u001b[33mclass\u001b[39m=\u001b[32m\"logo\"\u001b[39m\n              \u001b[33mhref\u001b[39m=\u001b[32m\"/\"\u001b[39m\n            \u001b[36m>\u001b[39m\n              \u001b[0m🍣 Sushi House\u001b[0m\n            \u001b[36m</a>\u001b[39m\n            \u001b[36m<nav>\u001b[39m\n              \u001b[36m<a\u001b[39m\n                \u001b[33mclass\u001b[39m=\u001b[32m\"cartLink\"\u001b[39m\n                \u001b[33mhref\u001b[39m=\u001b[32m\"/carrinho\"\u001b[39m\n              \u001b[36m>\u001b[39m\n                \u001b[36m<div\u001b[39m\n                  \u001b[33mclass\u001b[39m=\u001b[32m\"cartIcon\"\u001b[39m\n                \u001b[36m>\u001b[39m\n                  \u001b[0m🛒\u001b[0m\n                \u001b[36m</div>\u001b[39m\n                \u001b[0mCarrinho\u001b[0m\n              \u001b[36m</a>\u001b[39m\n            \u001b[36m</nav>\u001b[39m\n          \u001b[36m</div>\u001b[39m\n        \u001b[36m</header>\u001b[39m\n      \u001b[36m</div>\u001b[39m\n    \u001b[36m</body>\u001b[39m\n","name":"/home/jessica/Documentos/O-SUSHI-FRON-END/src/components/Header.test.tsx","startTime":1753033859609,"status":"failed","summary":""},{"assertionResults":[{"ancestorTitles":["useCart Hook","addToCart"],"duration":6,"failureDetails":[],"failureMessages":[],"fullName":"useCart Hook addToCart deve adicionar um novo produto ao carrinho com quantidade 1","invocations":1,"location":null,"numPassingAsserts":2,"retryReasons":[],"status":"passed","title":"deve adicionar um novo produto ao carrinho com quantidade 1"},{"ancestorTitles":["useCart Hook","addToCart"],"duration":5,"failureDetails":[],"failureMessages":[],"fullName":"useCart Hook addToCart deve incrementar a quantidade de um produto que já existe no carrinho","invocations":1,"location":null,"numPassingAsserts":2,"retryReasons":[],"status":"passed","title":"deve incrementar a quantidade de um produto que já existe no carrinho"},{"ancestorTitles":["useCart Hook","removeFromCart"],"duration":1,"failureDetails":[],"failureMessages":[],"fullName":"useCart Hook removeFromCart deve remover um produto do carrinho","invocations":1,"location":null,"numPassingAsserts":0,"retryReasons":[],"status":"passed","title":"deve remover um produto do carrinho"}],"endTime":1753033861759,"message":"","name":"/home/jessica/Documentos/O-SUSHI-FRON-END/src/context/CartContext.test.js","startTime":1753033861483,"status":"passed","summary":""},{"assertionResults":[{"ancestorTitles":["Button Component"],"duration":40,"failureDetails":[],"failureMessages":[],"fullName":"Button Component deve renderizar o texto filho corretamente","invocations":1,"location":null,"numPassingAsserts":1,"retryReasons":[],"status":"passed","title":"deve renderizar o texto filho corretamente"},{"ancestorTitles":["Button Component"],"duration":22,"failureDetails":[],"failureMessages":[],"fullName":"Button Component deve chamar a função onClick quando clicado","invocations":1,"location":null,"numPassingAsserts":1,"retryReasons":[],"status":"passed","title":"deve chamar a função onClick quando clicado"}],"endTime":1753033861850,"message":"","name":"/home/jessica/Documentos/O-SUSHI-FRON-END/src/components/Button.test.js","startTime":1753033861514,"status":"passed","summary":""}],"wasInterrupted":false}
